<?xml version="1.0" encoding="UTF-8"?>
<testng-results ignored="0" total="1" passed="1" failed="0" skipped="0">
  <reporter-output>
  </reporter-output>
  <suite started-at="2024-03-15T11:20:53 IST" name="Suite" finished-at="2024-03-15T11:21:02 IST" duration-ms="8864">
    <groups>
    </groups>
    <test started-at="2024-03-15T11:20:53 IST" name="Test" finished-at="2024-03-15T11:21:02 IST" duration-ms="8864">
      <class name="automation.selenium.AppTest">
        <test-method is-config="true" signature="capabiliies()[pri:0, instance:automation.selenium.AppTest@1f9e9475]" started-at="2024-03-15T11:20:53 IST" name="capabiliies" finished-at="2024-03-15T11:20:58 IST" duration-ms="4530" status="PASS">
          <reporter-output>
          </reporter-output>
        </test-method> <!-- capabiliies -->
        <test-method signature="name()[pri:0, instance:automation.selenium.AppTest@1f9e9475]" started-at="2024-03-15T11:20:58 IST" name="name" finished-at="2024-03-15T11:20:59 IST" duration-ms="1026" status="PASS">
          <reporter-output>
          </reporter-output>
        </test-method> <!-- name -->
      </class> <!-- automation.selenium.AppTest -->
    </test> <!-- Test -->
  </suite> <!-- Suite -->
</testng-results>
